[2m2023-07-13T21:41:32.181144Z[0m [32m INFO[0m [2mquant_demo::logger[0m[2m:[0m Polars_Object: shape: (30, 3)
┌────────┬───────────────┬───────────────┐
│ TICKER ┆ VOL_mean      ┆ SHROUT_mean   │
│ ---    ┆ ---           ┆ ---           │
│ str    ┆ f64           ┆ f64           │
╞════════╪═══════════════╪═══════════════╡
│ RATH   ┆ 1834.168478   ┆ 2842.848321   │
│ HMT    ┆ 922693.789023 ┆ 232835.43401  │
│ AHP    ┆ 223829.467626 ┆ 27104.008993  │
│ AHT    ┆ 937763.912606 ┆ 50222.198684  │
│ …      ┆ …             ┆ …             │
│ PKN    ┆ 87478.047465  ┆ 26442.658576  │
│ SVC    ┆ 509939.260561 ┆ 55981.581026  │
│ PK     ┆ 2.1975e6      ┆ 159481.012879 │
│ MDH    ┆ 15247.859867  ┆ 7940.636797   │
└────────┴───────────────┴───────────────┘
[2m2023-07-13T21:41:33.381321Z[0m [32m INFO[0m [2mquant_demo::logger[0m[2m:[0m Polars_Object: shape: (15, 13)
┌────────┬─────────┬───────┬────────┬───┬─────────┬────────┬────────┬────────┐
│ PERMNO ┆ date    ┆ SICCD ┆ ticker ┆ … ┆ RET     ┆ SHROUT ┆ NUMRTD ┆ RETX   │
│ ---    ┆ ---     ┆ ---   ┆ ---    ┆   ┆ ---     ┆ ---    ┆ ---    ┆ ---    │
│ i64    ┆ date    ┆ str   ┆ str    ┆   ┆ f64     ┆ i64    ┆ i64    ┆ f64    │
╞════════╪═════════╪═══════╪════════╪═══╪═════════╪════════╪════════╪════════╡
│ 81917  ┆ 2022-12 ┆ 6798  ┆ SVC    ┆ … ┆ -0.0040 ┆ 165453 ┆ 7017   ┆ -0.004 │
│        ┆ -30     ┆       ┆        ┆   ┆ 98      ┆        ┆        ┆ 098    │
│ 81917  ┆ 2022-12 ┆ 6798  ┆ SVC    ┆ … ┆ 0.03682 ┆ 165453 ┆ 7226   ┆ 0.0368 │
│        ┆ -29     ┆       ┆        ┆   ┆ 7       ┆        ┆        ┆ 27     │
│ 81917  ┆ 2022-12 ┆ 6798  ┆ SVC    ┆ … ┆ -0.0139 ┆ 165453 ┆ 8643   ┆ -0.013 │
│        ┆ -28     ┆       ┆        ┆   ┆ 66      ┆        ┆        ┆ 966    │
│ 81917  ┆ 2022-12 ┆ 6798  ┆ SVC    ┆ … ┆ -0.0110 ┆ 165453 ┆ 4848   ┆ -0.011 │
│        ┆ -27     ┆       ┆        ┆   ┆ 5       ┆        ┆        ┆ 05     │
│ …      ┆ …       ┆ …     ┆ …      ┆ … ┆ …       ┆ …      ┆ …      ┆ …      │
│ 81917  ┆ 2022-12 ┆ 6798  ┆ SVC    ┆ … ┆ -0.0151 ┆ 165453 ┆ 9575   ┆ -0.015 │
│        ┆ -14     ┆       ┆        ┆   ┆ 13      ┆        ┆        ┆ 113    │
│ 81917  ┆ 2022-12 ┆ 6798  ┆ SVC    ┆ … ┆ -0.0037 ┆ 165453 ┆ 12258  ┆ -0.003 │
│        ┆ -13     ┆       ┆        ┆   ┆ 64      ┆        ┆        ┆ 764    │
│ 81917  ┆ 2022-12 ┆ 6798  ┆ SVC    ┆ … ┆ 0.01399 ┆ 165453 ┆ 10755  ┆ 0.0139 │
│        ┆ -12     ┆       ┆        ┆   ┆ 5       ┆        ┆        ┆ 95     │
│ 81917  ┆ 2022-12 ┆ 6798  ┆ SVC    ┆ … ┆ 0.02879 ┆ 165453 ┆ 12367  ┆ 0.0287 │
│        ┆ -09     ┆       ┆        ┆   ┆ 6       ┆        ┆        ┆ 96     │
└────────┴─────────┴───────┴────────┴───┴─────────┴────────┴────────┴────────┘
[2m2023-07-13T21:41:33.395263Z[0m [32m INFO[0m [2mquant_demo::logger[0m[2m:[0m Polars_Object: shape: (15, 13)
┌────────┬─────────┬───────┬────────┬───┬─────────┬────────┬────────┬────────┐
│ PERMNO ┆ date    ┆ SICCD ┆ ticker ┆ … ┆ RET     ┆ SHROUT ┆ NUMRTD ┆ RETX   │
│ ---    ┆ ---     ┆ ---   ┆ ---    ┆   ┆ ---     ┆ ---    ┆ ---    ┆ ---    │
│ i64    ┆ date    ┆ str   ┆ str    ┆   ┆ f64     ┆ i64    ┆ i64    ┆ f64    │
╞════════╪═════════╪═══════╪════════╪═══╪═════════╪════════╪════════╪════════╡
│ 85426  ┆ 2022-12 ┆ 6798  ┆ RHP    ┆ … ┆ 0.00282 ┆ 55163  ┆ null   ┆ 0.0028 │
│        ┆ -30     ┆       ┆        ┆   ┆         ┆        ┆        ┆ 2      │
│ 85426  ┆ 2022-12 ┆ 6798  ┆ RHP    ┆ … ┆ 0.02919 ┆ 55163  ┆ null   ┆ 0.0260 │
│        ┆ -29     ┆       ┆        ┆   ┆         ┆        ┆        ┆ 44     │
│ 85426  ┆ 2022-12 ┆ 6798  ┆ RHP    ┆ … ┆ -0.0296 ┆ 55163  ┆ null   ┆ -0.029 │
│        ┆ -28     ┆       ┆        ┆   ┆ 67      ┆        ┆        ┆ 667    │
│ 85426  ┆ 2022-12 ┆ 6798  ┆ RHP    ┆ … ┆ -0.0091 ┆ 55163  ┆ null   ┆ -0.009 │
│        ┆ -27     ┆       ┆        ┆   ┆ 93      ┆        ┆        ┆ 193    │
│ …      ┆ …       ┆ …     ┆ …      ┆ … ┆ …       ┆ …      ┆ …      ┆ …      │
│ 85426  ┆ 2022-12 ┆ 6798  ┆ RHP    ┆ … ┆ -0.0169 ┆ 55163  ┆ null   ┆ -0.016 │
│        ┆ -14     ┆       ┆        ┆   ┆ 87      ┆        ┆        ┆ 987    │
│ 85426  ┆ 2022-12 ┆ 6798  ┆ RHP    ┆ … ┆ -0.0022 ┆ 55163  ┆ null   ┆ -0.002 │
│        ┆ -13     ┆       ┆        ┆   ┆ 16      ┆        ┆        ┆ 216    │
│ 85426  ┆ 2022-12 ┆ 6798  ┆ RHP    ┆ … ┆ 0.01552 ┆ 55163  ┆ null   ┆ 0.0155 │
│        ┆ -12     ┆       ┆        ┆   ┆ 5       ┆        ┆        ┆ 25     │
│ 85426  ┆ 2022-12 ┆ 6798  ┆ RHP    ┆ … ┆ 0.00011 ┆ 55163  ┆ null   ┆ 0.0001 │
│        ┆ -09     ┆       ┆        ┆   ┆ 3       ┆        ┆        ┆ 13     │
└────────┴─────────┴───────┴────────┴───┴─────────┴────────┴────────┴────────┘
[2m2023-07-13T21:41:33.423644Z[0m [32m INFO[0m [2mquant_demo::logger[0m[2m:[0m Polars_Object: shape: (15, 13)
┌────────┬─────────┬───────┬────────┬───┬─────────┬────────┬────────┬────────┐
│ PERMNO ┆ date    ┆ SICCD ┆ ticker ┆ … ┆ RET     ┆ SHROUT ┆ NUMRTD ┆ RETX   │
│ ---    ┆ ---     ┆ ---   ┆ ---    ┆   ┆ ---     ┆ ---    ┆ ---    ┆ ---    │
│ i64    ┆ date    ┆ str   ┆ str    ┆   ┆ f64     ┆ i64    ┆ i64    ┆ f64    │
╞════════╪═════════╪═══════╪════════╪═══╪═════════╪════════╪════════╪════════╡
│ 46703  ┆ 2022-12 ┆ 6798  ┆ HST    ┆ … ┆ 0.01518 ┆ 715028 ┆ 30235  ┆ 0.0151 │
│        ┆ -30     ┆       ┆        ┆   ┆         ┆        ┆        ┆ 8      │
│ 46703  ┆ 2022-12 ┆ 6798  ┆ HST    ┆ … ┆ 0.01830 ┆ 715028 ┆ 26410  ┆ -0.001 │
│        ┆ -29     ┆       ┆        ┆   ┆ 8       ┆        ┆        ┆ 894    │
│ 46703  ┆ 2022-12 ┆ 6798  ┆ HST    ┆ … ┆ -0.0198 ┆ 715028 ┆ 31188  ┆ -0.019 │
│        ┆ -28     ┆       ┆        ┆   ┆ 02      ┆        ┆        ┆ 802    │
│ 46703  ┆ 2022-12 ┆ 6798  ┆ HST    ┆ … ┆ -0.0110 ┆ 715028 ┆ 29571  ┆ -0.011 │
│        ┆ -27     ┆       ┆        ┆   ┆ 16      ┆        ┆        ┆ 016    │
│ …      ┆ …       ┆ …     ┆ …      ┆ … ┆ …       ┆ …      ┆ …      ┆ …      │
│ 46703  ┆ 2022-12 ┆ 6798  ┆ HST    ┆ … ┆ -0.0271 ┆ 715028 ┆ 47132  ┆ -0.027 │
│        ┆ -14     ┆       ┆        ┆   ┆ 17      ┆        ┆        ┆ 117    │
│ 46703  ┆ 2022-12 ┆ 6798  ┆ HST    ┆ … ┆ -0.0016 ┆ 715028 ┆ 41425  ┆ -0.001 │
│        ┆ -13     ┆       ┆        ┆   ┆ 57      ┆        ┆        ┆ 657    │
│ 46703  ┆ 2022-12 ┆ 6798  ┆ HST    ┆ … ┆ 0.02317 ┆ 715028 ┆ 29216  ┆ 0.0231 │
│        ┆ -12     ┆       ┆        ┆   ┆ 7       ┆        ┆        ┆ 77     │
│ 46703  ┆ 2022-12 ┆ 6798  ┆ HST    ┆ … ┆ 0.0     ┆ 715028 ┆ 26806  ┆ 0.0    │
│        ┆ -09     ┆       ┆        ┆   ┆         ┆        ┆        ┆        │
└────────┴─────────┴───────┴────────┴───┴─────────┴────────┴────────┴────────┘
[2m2023-07-13T21:41:33.451569Z[0m [32m INFO[0m [2mquant_demo::logger[0m[2m:[0m Polars_Object: shape: (15, 13)
┌────────┬─────────┬───────┬────────┬───┬─────────┬────────┬────────┬────────┐
│ PERMNO ┆ date    ┆ SICCD ┆ ticker ┆ … ┆ RET     ┆ SHROUT ┆ NUMRTD ┆ RETX   │
│ ---    ┆ ---     ┆ ---   ┆ ---    ┆   ┆ ---     ┆ ---    ┆ ---    ┆ ---    │
│ i64    ┆ date    ┆ str   ┆ str    ┆   ┆ f64     ┆ i64    ┆ i64    ┆ f64    │
╞════════╪═════════╪═══════╪════════╪═══╪═════════╪════════╪════════╪════════╡
│ 90506  ┆ 2022-12 ┆ 6798  ┆ SOHO   ┆ … ┆ -0.0163 ┆ 18119  ┆ 333    ┆ -0.016 │
│        ┆ -30     ┆       ┆        ┆   ┆ 04      ┆        ┆        ┆ 304    │
│ 90506  ┆ 2022-12 ┆ 6798  ┆ SOHO   ┆ … ┆ 0.03370 ┆ 18119  ┆ 298    ┆ 0.0337 │
│        ┆ -29     ┆       ┆        ┆   ┆ 8       ┆        ┆        ┆ 08     │
│ 90506  ┆ 2022-12 ┆ 6798  ┆ SOHO   ┆ … ┆ 0.0     ┆ 18119  ┆ 431    ┆ 0.0    │
│        ┆ -28     ┆       ┆        ┆   ┆         ┆        ┆        ┆        │
│ 90506  ┆ 2022-12 ┆ 6798  ┆ SOHO   ┆ … ┆ 0.0     ┆ 18119  ┆ 704    ┆ 0.0    │
│        ┆ -27     ┆       ┆        ┆   ┆         ┆        ┆        ┆        │
│ …      ┆ …       ┆ …     ┆ …      ┆ … ┆ …       ┆ …      ┆ …      ┆ …      │
│ 90506  ┆ 2022-12 ┆ 6798  ┆ SOHO   ┆ … ┆ 0.0     ┆ 18119  ┆ 744    ┆ 0.0    │
│        ┆ -14     ┆       ┆        ┆   ┆         ┆        ┆        ┆        │
│ 90506  ┆ 2022-12 ┆ 6798  ┆ SOHO   ┆ … ┆ 0.0     ┆ 18119  ┆ 453    ┆ 0.0    │
│        ┆ -13     ┆       ┆        ┆   ┆         ┆        ┆        ┆        │
│ 90506  ┆ 2022-12 ┆ 6798  ┆ SOHO   ┆ … ┆ -0.0187 ┆ 18119  ┆ 297    ┆ -0.018 │
│        ┆ -12     ┆       ┆        ┆   ┆ 67      ┆        ┆        ┆ 767    │
│ 90506  ┆ 2022-12 ┆ 6798  ┆ SOHO   ┆ … ┆ 0.00268 ┆ 18119  ┆ 98     ┆ 0.0026 │
│        ┆ -09     ┆       ┆        ┆   ┆ 8       ┆        ┆        ┆ 88     │
└────────┴─────────┴───────┴────────┴───┴─────────┴────────┴────────┴────────┘
[2m2023-07-13T21:41:33.463311Z[0m [32m INFO[0m [2mquant_demo::logger[0m[2m:[0m Polars_Object: shape: (15, 13)
┌────────┬─────────┬───────┬────────┬───┬─────────┬────────┬────────┬────────┐
│ PERMNO ┆ date    ┆ SICCD ┆ ticker ┆ … ┆ RET     ┆ SHROUT ┆ NUMRTD ┆ RETX   │
│ ---    ┆ ---     ┆ ---   ┆ ---    ┆   ┆ ---     ┆ ---    ┆ ---    ┆ ---    │
│ i64    ┆ date    ┆ str   ┆ str    ┆   ┆ f64     ┆ i64    ┆ i64    ┆ f64    │
╞════════╪═════════╪═══════╪════════╪═══╪═════════╪════════╪════════╪════════╡
│ 15338  ┆ 2022-12 ┆ 6798  ┆ APLE   ┆ … ┆ 0.00509 ┆ 228753 ┆ null   ┆ 0.0050 │
│        ┆ -30     ┆       ┆        ┆   ┆ 6       ┆        ┆        ┆ 96     │
│ 15338  ┆ 2022-12 ┆ 6798  ┆ APLE   ┆ … ┆ 0.01993 ┆ 228753 ┆ null   ┆ 0.0096 │
│        ┆ -29     ┆       ┆        ┆   ┆ 6       ┆        ┆        ┆ 46     │
│ 15338  ┆ 2022-12 ┆ 6798  ┆ APLE   ┆ … ┆ -0.0226 ┆ 228753 ┆ null   ┆ -0.022 │
│        ┆ -28     ┆       ┆        ┆   ┆ 27      ┆        ┆        ┆ 627    │
│ 15338  ┆ 2022-12 ┆ 6798  ┆ APLE   ┆ … ┆ 0.00505 ┆ 228753 ┆ null   ┆ 0.0050 │
│        ┆ -27     ┆       ┆        ┆   ┆ 4       ┆        ┆        ┆ 54     │
│ …      ┆ …       ┆ …     ┆ …      ┆ … ┆ …       ┆ …      ┆ …      ┆ …      │
│ 15338  ┆ 2022-12 ┆ 6798  ┆ APLE   ┆ … ┆ -0.0280 ┆ 228753 ┆ null   ┆ -0.028 │
│        ┆ -14     ┆       ┆        ┆   ┆ 21      ┆        ┆        ┆ 021    │
│ 15338  ┆ 2022-12 ┆ 6798  ┆ APLE   ┆ … ┆ 0.00410 ┆ 228753 ┆ null   ┆ 0.0041 │
│        ┆ -13     ┆       ┆        ┆   ┆ 3       ┆        ┆        ┆ 03     │
│ 15338  ┆ 2022-12 ┆ 6798  ┆ APLE   ┆ … ┆ 0.01487 ┆ 228753 ┆ null   ┆ 0.0148 │
│        ┆ -12     ┆       ┆        ┆   ┆ 2       ┆        ┆        ┆ 72     │
│ 15338  ┆ 2022-12 ┆ 6798  ┆ APLE   ┆ … ┆ -0.0082 ┆ 228753 ┆ null   ┆ -0.008 │
│        ┆ -09     ┆       ┆        ┆   ┆ 6       ┆        ┆        ┆ 26     │
└────────┴─────────┴───────┴────────┴───┴─────────┴────────┴────────┴────────┘
[2m2023-07-13T21:41:33.478957Z[0m [32m INFO[0m [2mquant_demo::logger[0m[2m:[0m Polars_Object: shape: (15, 13)
┌────────┬─────────┬───────┬────────┬───┬─────────┬────────┬────────┬────────┐
│ PERMNO ┆ date    ┆ SICCD ┆ ticker ┆ … ┆ RET     ┆ SHROUT ┆ NUMRTD ┆ RETX   │
│ ---    ┆ ---     ┆ ---   ┆ ---    ┆   ┆ ---     ┆ ---    ┆ ---    ┆ ---    │
│ i64    ┆ date    ┆ str   ┆ str    ┆   ┆ f64     ┆ i64    ┆ i64    ┆ f64    │
╞════════╪═════════╪═══════╪════════╪═══╪═════════╪════════╪════════╪════════╡
│ 90394  ┆ 2022-12 ┆ 7011  ┆ SHO    ┆ … ┆ 0.0     ┆ 210400 ┆ null   ┆ 0.0    │
│        ┆ -30     ┆       ┆        ┆   ┆         ┆        ┆        ┆        │
│ 90394  ┆ 2022-12 ┆ 7011  ┆ SHO    ┆ … ┆ 0.01995 ┆ 210400 ┆ null   ┆ 0.0147 │
│        ┆ -29     ┆       ┆        ┆   ┆ 8       ┆        ┆        ┆ 06     │
│ 90394  ┆ 2022-12 ┆ 7011  ┆ SHO    ┆ … ┆ -0.0144 ┆ 210400 ┆ null   ┆ -0.014 │
│        ┆ -28     ┆       ┆        ┆   ┆ 93      ┆        ┆        ┆ 493    │
│ 90394  ┆ 2022-12 ┆ 7011  ┆ SHO    ┆ … ┆ 0.00207 ┆ 210400 ┆ null   ┆ 0.0020 │
│        ┆ -27     ┆       ┆        ┆   ┆ 5       ┆        ┆        ┆ 75     │
│ …      ┆ …       ┆ …     ┆ …      ┆ … ┆ …       ┆ …      ┆ …      ┆ …      │
│ 90394  ┆ 2022-12 ┆ 7011  ┆ SHO    ┆ … ┆ -0.0210 ┆ 210400 ┆ null   ┆ -0.021 │
│        ┆ -14     ┆       ┆        ┆   ┆ 33      ┆        ┆        ┆ 033    │
│ 90394  ┆ 2022-12 ┆ 7011  ┆ SHO    ┆ … ┆ -0.0122 ┆ 210400 ┆ null   ┆ -0.012 │
│        ┆ -13     ┆       ┆        ┆   ┆ 76      ┆        ┆        ┆ 276    │
│ 90394  ┆ 2022-12 ┆ 7011  ┆ SHO    ┆ … ┆ 0.02417 ┆ 210400 ┆ null   ┆ 0.0241 │
│        ┆ -12     ┆       ┆        ┆   ┆ 8       ┆        ┆        ┆ 78     │
│ 90394  ┆ 2022-12 ┆ 7011  ┆ SHO    ┆ … ┆ 0.00193 ┆ 210400 ┆ null   ┆ 0.0019 │
│        ┆ -09     ┆       ┆        ┆   ┆ 8       ┆        ┆        ┆ 38     │
└────────┴─────────┴───────┴────────┴───┴─────────┴────────┴────────┴────────┘
[2m2023-07-13T21:41:33.525143Z[0m [32m INFO[0m [2mquant_demo::logger[0m[2m:[0m Polars_Object: shape: (15, 13)
┌────────┬─────────┬───────┬────────┬───┬─────────┬────────┬────────┬────────┐
│ PERMNO ┆ date    ┆ SICCD ┆ ticker ┆ … ┆ RET     ┆ SHROUT ┆ NUMRTD ┆ RETX   │
│ ---    ┆ ---     ┆ ---   ┆ ---    ┆   ┆ ---     ┆ ---    ┆ ---    ┆ ---    │
│ i64    ┆ date    ┆ str   ┆ str    ┆   ┆ f64     ┆ i64    ┆ i64    ┆ f64    │
╞════════╪═════════╪═══════╪════════╪═══╪═════════╪════════╪════════╪════════╡
│ 16499  ┆ 2022-12 ┆ 7011  ┆ PK     ┆ … ┆ 0.01114 ┆ 224843 ┆ null   ┆ 0.0111 │
│        ┆ -30     ┆       ┆        ┆   ┆ 9       ┆        ┆        ┆ 49     │
│ 16499  ┆ 2022-12 ┆ 7011  ┆ PK     ┆ … ┆ 0.03655 ┆ 224843 ┆ null   ┆ 0.0147 │
│        ┆ -29     ┆       ┆        ┆   ┆ 4       ┆        ┆        ┆ 95     │
│ 16499  ┆ 2022-12 ┆ 7011  ┆ PK     ┆ … ┆ -0.0237 ┆ 224843 ┆ null   ┆ -0.023 │
│        ┆ -28     ┆       ┆        ┆   ┆ 89      ┆        ┆        ┆ 789    │
│ 16499  ┆ 2022-12 ┆ 7011  ┆ PK     ┆ … ┆ 0.01030 ┆ 224843 ┆ null   ┆ 0.0103 │
│        ┆ -27     ┆       ┆        ┆   ┆ 1       ┆        ┆        ┆ 01     │
│ …      ┆ …       ┆ …     ┆ …      ┆ … ┆ …       ┆ …      ┆ …      ┆ …      │
│ 16499  ┆ 2022-12 ┆ 7011  ┆ PK     ┆ … ┆ -0.0109 ┆ 224843 ┆ null   ┆ -0.010 │
│        ┆ -14     ┆       ┆        ┆   ┆ 8       ┆        ┆        ┆ 98     │
│ 16499  ┆ 2022-12 ┆ 7011  ┆ PK     ┆ … ┆ -0.0054 ┆ 224843 ┆ null   ┆ -0.005 │
│        ┆ -13     ┆       ┆        ┆   ┆ 6       ┆        ┆        ┆ 46     │
│ 16499  ┆ 2022-12 ┆ 7011  ┆ PK     ┆ … ┆ 0.04058 ┆ 224843 ┆ null   ┆ 0.0405 │
│        ┆ -12     ┆       ┆        ┆   ┆ 4       ┆        ┆        ┆ 84     │
│ 16499  ┆ 2022-12 ┆ 7011  ┆ PK     ┆ … ┆ 0.01734 ┆ 224843 ┆ null   ┆ 0.0173 │
│        ┆ -09     ┆       ┆        ┆   ┆ 1       ┆        ┆        ┆ 41     │
└────────┴─────────┴───────┴────────┴───┴─────────┴────────┴────────┴────────┘
[2m2023-07-13T21:41:33.536117Z[0m [32m INFO[0m [2mquant_demo::logger[0m[2m:[0m Polars_Object: shape: (15, 13)
┌────────┬─────────┬───────┬────────┬───┬─────────┬────────┬────────┬────────┐
│ PERMNO ┆ date    ┆ SICCD ┆ ticker ┆ … ┆ RET     ┆ SHROUT ┆ NUMRTD ┆ RETX   │
│ ---    ┆ ---     ┆ ---   ┆ ---    ┆   ┆ ---     ┆ ---    ┆ ---    ┆ ---    │
│ i64    ┆ date    ┆ str   ┆ str    ┆   ┆ f64     ┆ i64    ┆ i64    ┆ f64    │
╞════════╪═════════╪═══════╪════════╪═══╪═════════╪════════╪════════╪════════╡
│ 90680  ┆ 2022-12 ┆ 6798  ┆ DRH    ┆ … ┆ 0.00738 ┆ 209375 ┆ null   ┆ 0.0073 │
│        ┆ -30     ┆       ┆        ┆   ┆         ┆        ┆        ┆ 8      │
│ 90680  ┆ 2022-12 ┆ 6798  ┆ DRH    ┆ … ┆ 0.02247 ┆ 209375 ┆ null   ┆ 0.0149 │
│        ┆ -29     ┆       ┆        ┆   ┆ 2       ┆        ┆        ┆ 81     │
│ 90680  ┆ 2022-12 ┆ 6798  ┆ DRH    ┆ … ┆ -0.0243 ┆ 209375 ┆ null   ┆ -0.024 │
│        ┆ -28     ┆       ┆        ┆   ┆ 61      ┆        ┆        ┆ 361    │
│ 90680  ┆ 2022-12 ┆ 6798  ┆ DRH    ┆ … ┆ 0.0     ┆ 209375 ┆ null   ┆ 0.0    │
│        ┆ -27     ┆       ┆        ┆   ┆         ┆        ┆        ┆        │
│ …      ┆ …       ┆ …     ┆ …      ┆ … ┆ …       ┆ …      ┆ …      ┆ …      │
│ 90680  ┆ 2022-12 ┆ 6798  ┆ DRH    ┆ … ┆ -0.0238 ┆ 209375 ┆ null   ┆ -0.023 │
│        ┆ -14     ┆       ┆        ┆   ┆ 61      ┆        ┆        ┆ 861    │
│ 90680  ┆ 2022-12 ┆ 6798  ┆ DRH    ┆ … ┆ -0.0053 ┆ 209375 ┆ null   ┆ -0.005 │
│        ┆ -13     ┆       ┆        ┆   ┆ 94      ┆        ┆        ┆ 394    │
│ 90680  ┆ 2022-12 ┆ 6798  ┆ DRH    ┆ … ┆ 0.01980 ┆ 209375 ┆ null   ┆ 0.0198 │
│        ┆ -12     ┆       ┆        ┆   ┆ 2       ┆        ┆        ┆ 02     │
│ 90680  ┆ 2022-12 ┆ 6798  ┆ DRH    ┆ … ┆ 0.00331 ┆ 209375 ┆ null   ┆ 0.0033 │
│        ┆ -09     ┆       ┆        ┆   ┆ 1       ┆        ┆        ┆ 11     │
└────────┴─────────┴───────┴────────┴───┴─────────┴────────┴────────┴────────┘
